<?xml version="1.0" encoding="UTF-8"?>
<testsuite xmlns:xsi="http://www.w3.org/2001/XMLSchema-instance" xsi:noNamespaceSchemaLocation="https://maven.apache.org/surefire/maven-surefire-plugin/xsd/surefire-test-report-3.0.xsd" version="3.0" name="com.basket.tests.UnitTests" time="0.103" tests="10" errors="0" skipped="0" failures="0">
  <properties>
[...]
</properties>
  <testcase name="testLime3For2_3Items" classname="com.basket.tests.UnitTests" time="0.044"/>
  <testcase name="testLime3For2_4Items" classname="com.basket.tests.UnitTests" time="0.003"/>
  <testcase name="testMixedBasketWithOffers" classname="com.basket.tests.UnitTests" time="0.002"/>
  <testcase name="testMultipleItemsWithoutOffers" classname="com.basket.tests.UnitTests" time="0.001"/>
  <testcase name="testBananasOnly" classname="com.basket.tests.UnitTests" time="0.002"/>
  <testcase name="testMelonBOGOF_2Items" classname="com.basket.tests.UnitTests" time="0.002"/>
  <testcase name="testMelonBOGOF_3Items" classname="com.basket.tests.UnitTests" time="0.002"/>
  <testcase name="testEmptyBasket" classname="com.basket.tests.UnitTests" time="0.001"/>
  <testcase name="testSingleItem" classname="com.basket.tests.UnitTests" time="0.004"/>
  <testcase name="testLargeBasket" classname="com.basket.tests.UnitTests" time="0.002"/>
</testsuite>